GNU gdb (Ubuntu 9.1-0ubuntu1) 9.1
Copyright (C) 2020 Free Software Foundation, Inc.
License GPLv3+: GNU GPL version 3 or later <http://gnu.org/licenses/gpl.html>
This is free software: you are free to change and redistribute it.
There is NO WARRANTY, to the extent permitted by law.
Type "show copying" and "show warranty" for details.
This GDB was configured as "x86_64-linux-gnu".
Type "show configuration" for configuration details.
For bug reporting instructions, please see:
<http://www.gnu.org/software/gdb/bugs/>.
Find the GDB manual and other documentation resources online at:
    <http://www.gnu.org/software/gdb/documentation/>.

For help, type "help".
Type "apropos word" to search for commands related to "word".
[New LWP 773]
[New LWP 774]
[New LWP 775]
[New LWP 776]
[New LWP 777]
[New LWP 778]
[New LWP 779]
[New LWP 781]
[Thread debugging using libthread_db enabled]
Using host libthread_db library "/lib/x86_64-linux-gnu/libthread_db.so.1".
futex_abstimed_wait_cancelable (private=<optimized out>, abstime=0x7ffd78f34e50, clockid=<optimized out>, expected=0, 
    futex_word=0x935b2c <_PyRuntime+1228>) at ../sysdeps/nptl/futex-internal.h:320

Stack backtrace
---------------
    expected=0, futex_word=0x935b2c <_PyRuntime+1228>) at ../sysdeps/nptl/futex-internal.h:320
        __ret = -516
        clockbit = <optimized out>
        op = <optimized out>
        __ret = <optimized out>
        oldtype = 0
        err = <optimized out>
        oldtype = <optimized out>
        err = <optimized out>
        __ret = <optimized out>
        clockbit = <optimized out>
        op = <optimized out>
        __ret = <optimized out>
        resultvar = <optimized out>
        __arg6 = <optimized out>
        __arg5 = <optimized out>
        __arg4 = <optimized out>
        __arg3 = <optimized out>
        __arg2 = <optimized out>
        __arg1 = <optimized out>
        _a6 = <optimized out>
        _a5 = <optimized out>
        _a4 = <optimized out>
        _a3 = <optimized out>
        _a2 = <optimized out>
        _a1 = <optimized out>
#1  __pthread_cond_wait_common (abstime=0x7ffd78f34e50, clockid=<optimized out>, mutex=0x935b30 <_PyRuntime+1232>, 
    cond=0x935b00 <_PyRuntime+1184>) at pthread_cond_wait.c:520
        spin = 0
        buffer = {__routine = 0x7fd71827e050 <__condvar_cleanup_waiting>, __arg = 0x7ffd78f34dd0, 
          __canceltype = 1000000, __prev = 0x0}
        cbuffer = {wseq = 8655, cond = 0x935b00 <_PyRuntime+1184>, mutex = 0x935b30 <_PyRuntime+1232>, private = 0}
        err = <optimized out>
        g = 1
        flags = <optimized out>
        g1_start = <optimized out>
        maxspin = 0
        signals = <optimized out>
        result = 0
        wseq = 8655
        seq = 4327
        private = <optimized out>
        maxspin = <optimized out>
        err = <optimized out>
        result = <optimized out>
        wseq = <optimized out>
        g = <optimized out>
        seq = <optimized out>
        flags = <optimized out>
        private = <optimized out>
        signals = <optimized out>
        g1_start = <optimized out>
        spin = <optimized out>
        buffer = <optimized out>
        cbuffer = <optimized out>
        s = <optimized out>
#2  __pthread_cond_timedwait (cond=0x935b00 <_PyRuntime+1184>, mutex=0x935b30 <_PyRuntime+1232>, 
    abstime=0x7ffd78f34e50) at pthread_cond_wait.c:656
        flags = <optimized out>
        clockid = <optimized out>
#3  0x00000000006871a4 in ?? ()
No symbol table info available.
#4  0x000000000056ec85 in _PyEval_EvalFrameDefault ()
No symbol table info available.
#5  0x00000000005654d2 in _PyEval_EvalCodeWithName ()
No symbol table info available.
#6  0x0000000000507e8f in ?? ()
No symbol table info available.
#7  0x000000000056c056 in _PyEval_EvalFrameDefault ()
No symbol table info available.
#8  0x00000000005f19cb in _PyFunction_Vectorcall ()
No symbol table info available.
#9  0x0000000000567325 in _PyEval_EvalFrameDefault ()
No symbol table info available.
#10 0x00000000005f19cb in _PyFunction_Vectorcall ()
No symbol table info available.
#11 0x0000000000567325 in _PyEval_EvalFrameDefault ()
No symbol table info available.
#12 0x00000000005f19cb in _PyFunction_Vectorcall ()
No symbol table info available.
#13 0x0000000000567325 in _PyEval_EvalFrameDefault ()
No symbol table info available.
#14 0x00000000005654d2 in _PyEval_EvalCodeWithName ()
No symbol table info available.
#15 0x0000000000686d53 in PyEval_EvalCode ()
No symbol table info available.
#16 0x00000000005fc760 in ?? ()
No symbol table info available.
#17 0x00000000005c075c in ?? ()
No symbol table info available.
#18 0x00000000005671fd in _PyEval_EvalFrameDefault ()
No symbol table info available.
#19 0x00000000004fde04 in ?? ()
No symbol table info available.
#20 0x0000000000568b7b in _PyEval_EvalFrameDefault ()
No symbol table info available.
#21 0x00000000004fde04 in ?? ()
No symbol table info available.
#22 0x0000000000568b7b in _PyEval_EvalFrameDefault ()
No symbol table info available.
#23 0x00000000004fde04 in ?? ()
No symbol table info available.
#24 0x0000000000501a16 in ?? ()
No symbol table info available.
#25 0x0000000000567325 in _PyEval_EvalFrameDefault ()
No symbol table info available.
#26 0x00000000005f19cb in _PyFunction_Vectorcall ()
No symbol table info available.
#27 0x00000000005671fd in _PyEval_EvalFrameDefault ()
No symbol table info available.
#28 0x00000000005f19cb in _PyFunction_Vectorcall ()
No symbol table info available.
#29 0x0000000000567325 in _PyEval_EvalFrameDefault ()
No symbol table info available.
#30 0x00000000005654d2 in _PyEval_EvalCodeWithName ()
No symbol table info available.
#31 0x00000000005f1bc5 in _PyFunction_Vectorcall ()
No symbol table info available.
#32 0x0000000000507e1c in ?? ()
No symbol table info available.
#33 0x00000000005f0e3e in PyObject_Call ()
No symbol table info available.
#34 0x0000000000568985 in _PyEval_EvalFrameDefault ()
No symbol table info available.
#35 0x00000000005654d2 in _PyEval_EvalCodeWithName ()
No symbol table info available.
#36 0x0000000000507e8f in ?? ()
No symbol table info available.
#37 0x0000000000568404 in _PyEval_EvalFrameDefault ()
No symbol table info available.
#38 0x00000000004f23bf in ?? ()
No symbol table info available.
#39 0x00000000005c075c in ?? ()
No symbol table info available.
#40 0x00000000005671fd in _PyEval_EvalFrameDefault ()
No symbol table info available.
#41 0x00000000005654d2 in _PyEval_EvalCodeWithName ()
No symbol table info available.
#42 0x00000000005f1bc5 in _PyFunction_Vectorcall ()
No symbol table info available.
#43 0x0000000000567325 in _PyEval_EvalFrameDefault ()
No symbol table info available.
#44 0x00000000004f23bf in ?? ()
No symbol table info available.
#45 0x00000000005c075c in ?? ()
No symbol table info available.
#46 0x00000000005671fd in _PyEval_EvalFrameDefault ()
No symbol table info available.
#47 0x00000000005654d2 in _PyEval_EvalCodeWithName ()
No symbol table info available.
#48 0x0000000000507e8f in ?? ()
No symbol table info available.
#49 0x00000000005671fd in _PyEval_EvalFrameDefault ()
No symbol table info available.
#50 0x00000000004f23bf in ?? ()
No symbol table info available.
#51 0x00000000005c075c in ?? ()
No symbol table info available.
#52 0x00000000005671fd in _PyEval_EvalFrameDefault ()
No symbol table info available.
#53 0x00000000005654d2 in _PyEval_EvalCodeWithName ()
No symbol table info available.
#54 0x00000000005f1bc5 in _PyFunction_Vectorcall ()
No symbol table info available.
#55 0x0000000000507e1c in ?? ()
No symbol table info available.
#56 0x00000000005f0e3e in PyObject_Call ()
No symbol table info available.
#57 0x0000000000568985 in _PyEval_EvalFrameDefault ()
No symbol table info available.
#58 0x00000000004fde04 in ?? ()
No symbol table info available.
#59 0x0000000000501a16 in ?? ()
No symbol table info available.
#60 0x0000000000567325 in _PyEval_EvalFrameDefault ()
No symbol table info available.
#61 0x00000000005f19cb in _PyFunction_Vectorcall ()
No symbol table info available.
#62 0x0000000000567325 in _PyEval_EvalFrameDefault ()
No symbol table info available.
#63 0x00000000005654d2 in _PyEval_EvalCodeWithName ()
No symbol table info available.
#64 0x00000000005f1bc5 in _PyFunction_Vectorcall ()
No symbol table info available.
#65 0x00000000005f0e3e in PyObject_Call ()
No symbol table info available.
#66 0x0000000000568985 in _PyEval_EvalFrameDefault ()
No symbol table info available.
#67 0x00000000005654d2 in _PyEval_EvalCodeWithName ()
No symbol table info available.
#68 0x00000000005f1bc5 in _PyFunction_Vectorcall ()
No symbol table info available.
#69 0x00000000005f2ce4 in _PyObject_FastCallDict ()
No symbol table info available.
#70 0x000000000065fcd9 in ?? ()
No symbol table info available.
#71 0x00000000005f2246 in _PyObject_MakeTpCall ()
No symbol table info available.
#72 0x000000000056c289 in _PyEval_EvalFrameDefault ()
No symbol table info available.
#73 0x00000000005f19cb in _PyFunction_Vectorcall ()
No symbol table info available.
#74 0x0000000000507e1c in ?? ()
No symbol table info available.
#75 0x00000000004f027a in ?? ()
No symbol table info available.
#76 0x00000000005fb38f in ?? ()
No symbol table info available.
#77 0x00000000005c0643 in ?? ()
No symbol table info available.
#78 0x00000000005f1344 in PyVectorcall_Call ()
No symbol table info available.
#79 0x000000000056d0fd in _PyEval_EvalFrameDefault ()
No symbol table info available.
#80 0x00000000005f19cb in _PyFunction_Vectorcall ()
No symbol table info available.
#81 0x0000000000567325 in _PyEval_EvalFrameDefault ()
No symbol table info available.
#82 0x00000000005f19cb in _PyFunction_Vectorcall ()
No symbol table info available.
#83 0x0000000000567325 in _PyEval_EvalFrameDefault ()
No symbol table info available.
#84 0x00000000005f19cb in _PyFunction_Vectorcall ()
No symbol table info available.
#85 0x0000000000567325 in _PyEval_EvalFrameDefault ()
No symbol table info available.
#86 0x00000000005f19cb in _PyFunction_Vectorcall ()
No symbol table info available.
#87 0x0000000000567325 in _PyEval_EvalFrameDefault ()
No symbol table info available.
#88 0x00000000005f19cb in _PyFunction_Vectorcall ()
No symbol table info available.
#89 0x0000000000567325 in _PyEval_EvalFrameDefault ()
No symbol table info available.
#90 0x00000000005654d2 in _PyEval_EvalCodeWithName ()
No symbol table info available.
#91 0x0000000000507e8f in ?? ()
No symbol table info available.
#92 0x0000000000568404 in _PyEval_EvalFrameDefault ()
No symbol table info available.
#93 0x00000000005654d2 in _PyEval_EvalCodeWithName ()
No symbol table info available.
#94 0x0000000000686d53 in PyEval_EvalCode ()
No symbol table info available.
#95 0x00000000005fc760 in ?? ()
No symbol table info available.
#96 0x00000000005c075c in ?? ()
No symbol table info available.
#97 0x00000000005671fd in _PyEval_EvalFrameDefault ()
No symbol table info available.
#98 0x00000000005654d2 in _PyEval_EvalCodeWithName ()
No symbol table info available.
#99 0x00000000005f1bc5 in _PyFunction_Vectorcall ()
No symbol table info available.
#100 0x00000000005671fd in _PyEval_EvalFrameDefault ()
No symbol table info available.
#101 0x00000000005654d2 in _PyEval_EvalCodeWithName ()
No symbol table info available.
#102 0x00000000005f1bc5 in _PyFunction_Vectorcall ()
No symbol table info available.
#103 0x00000000005f0e3e in PyObject_Call ()
No symbol table info available.
#104 0x00000000006af348 in ?? ()
No symbol table info available.
#105 0x00000000006af735 in Py_RunMain ()
No symbol table info available.
#106 0x00000000006af959 in Py_BytesMain ()
No symbol table info available.
#107 0x00007fd7182b80b3 in __libc_start_main (main=0x4ec640 <main>, argc=5, argv=0x7ffd78f39718, init=<optimized out>, 
    fini=<optimized out>, rtld_fini=<optimized out>, stack_end=0x7ffd78f39708) at ../csu/libc-start.c:308
        self = <optimized out>
        result = <optimized out>
        unwind_buf = {cancel_jmp_buf = {{jmp_buf = {7010672, 8488726848808869368, 6252944, 140726632683280, 0, 0, 
                -8487888921333408264, -8475716984764572168}, mask_was_saved = 0}}, priv = {pad = {0x0, 0x0, 0x5, 
              0x7ffd78f39718}, data = {prev = 0x0, cleanup = 0x0, canceltype = 5}}}
        not_first_call = <optimized out>
#108 0x00000000005f69be in _start ()
No symbol table info available.
>>>>>>>>>>>>>>>>>>>>>>>>>>>


Cython backtrace
----------------
#0  0x00007fd71827e612 in futex_abstimed_wait_cancelable () at /build/glibc-YYA7BZ/glibc-2.31/nptl/../sysdeps/nptl/futex-internal.h:320
#1  0x00007fd71827e58d in __pthread_cond_wait_common () at /build/glibc-YYA7BZ/glibc-2.31/nptl/pthread_cond_wait.c:520
#2  0x00007fd71827e540 in __pthread_cond_timedwait () at /build/glibc-YYA7BZ/glibc-2.31/nptl/pthread_cond_wait.c:656
#3  0x0000000000000000 in ?? ()
#4  0x0000000000566b00 in _PyEval_EvalFrameDefault ()
#5  0x0000000000565270 in _PyEval_EvalCodeWithName ()
#6  0x0000000000000000 in ?? ()
#7  0x0000000000566b00 in _PyEval_EvalFrameDefault ()
#8  0x00000000005f1820 in _PyFunction_Vectorcall ()
#9  0x0000000000566b00 in _PyEval_EvalFrameDefault ()
#10 0x00000000005f1820 in _PyFunction_Vectorcall ()
#11 0x0000000000566b00 in _PyEval_EvalFrameDefault ()
#12 0x00000000005f1820 in _PyFunction_Vectorcall ()
#13 0x0000000000566b00 in _PyEval_EvalFrameDefault ()
#14 0x0000000000565270 in _PyEval_EvalCodeWithName ()
#15 0x0000000000686d30 in PyEval_EvalCode ()
#16 0x0000000000000000 in ?? ()
#17 0x0000000000000000 in ?? ()
#18 0x0000000000566b00 in _PyEval_EvalFrameDefault ()
#19 0x0000000000000000 in ?? ()
#20 0x0000000000566b00 in _PyEval_EvalFrameDefault ()
#21 0x0000000000000000 in ?? ()
#22 0x0000000000566b00 in _PyEval_EvalFrameDefault ()
#23 0x0000000000000000 in ?? ()
#24 0x0000000000000000 in ?? ()
#25 0x0000000000566b00 in _PyEval_EvalFrameDefault ()
#26 0x00000000005f1820 in _PyFunction_Vectorcall ()
#27 0x0000000000566b00 in _PyEval_EvalFrameDefault ()
#28 0x00000000005f1820 in _PyFunction_Vectorcall ()
#29 0x0000000000566b00 in _PyEval_EvalFrameDefault ()
#30 0x0000000000565270 in _PyEval_EvalCodeWithName ()
#31 0x00000000005f1820 in _PyFunction_Vectorcall ()
#32 0x0000000000000000 in ?? ()
#33 0x00000000005f0de0 in PyObject_Call ()
#34 0x0000000000566b00 in _PyEval_EvalFrameDefault ()
#35 0x0000000000565270 in _PyEval_EvalCodeWithName ()
#36 0x0000000000000000 in ?? ()
#37 0x0000000000566b00 in _PyEval_EvalFrameDefault ()
#38 0x0000000000000000 in ?? ()
#39 0x0000000000000000 in ?? ()
#40 0x0000000000566b00 in _PyEval_EvalFrameDefault ()
#41 0x0000000000565270 in _PyEval_EvalCodeWithName ()
#42 0x00000000005f1820 in _PyFunction_Vectorcall ()
#43 0x0000000000566b00 in _PyEval_EvalFrameDefault ()
#44 0x0000000000000000 in ?? ()
#45 0x0000000000000000 in ?? ()
#46 0x0000000000566b00 in _PyEval_EvalFrameDefault ()
#47 0x0000000000565270 in _PyEval_EvalCodeWithName ()
#48 0x0000000000000000 in ?? ()
#49 0x0000000000566b00 in _PyEval_EvalFrameDefault ()
#50 0x0000000000000000 in ?? ()
#51 0x0000000000000000 in ?? ()
#52 0x0000000000566b00 in _PyEval_EvalFrameDefault ()
#53 0x0000000000565270 in _PyEval_EvalCodeWithName ()
#54 0x00000000005f1820 in _PyFunction_Vectorcall ()
#55 0x0000000000000000 in ?? ()
#56 0x00000000005f0de0 in PyObject_Call ()
#57 0x0000000000566b00 in _PyEval_EvalFrameDefault ()
#58 0x0000000000000000 in ?? ()
#59 0x0000000000000000 in ?? ()
#60 0x0000000000566b00 in _PyEval_EvalFrameDefault ()
#61 0x00000000005f1820 in _PyFunction_Vectorcall ()
#62 0x0000000000566b00 in _PyEval_EvalFrameDefault ()
#63 0x0000000000565270 in _PyEval_EvalCodeWithName ()
#64 0x00000000005f1820 in _PyFunction_Vectorcall ()
#65 0x00000000005f0de0 in PyObject_Call ()
#66 0x0000000000566b00 in _PyEval_EvalFrameDefault ()
#67 0x0000000000565270 in _PyEval_EvalCodeWithName ()
#68 0x00000000005f1820 in _PyFunction_Vectorcall ()
#69 0x00000000005f2ca0 in _PyObject_FastCallDict ()
#70 0x0000000000000000 in ?? ()
#71 0x00000000005f1fb0 in _PyObject_MakeTpCall ()
#72 0x0000000000566b00 in _PyEval_EvalFrameDefault ()
#73 0x00000000005f1820 in _PyFunction_Vectorcall ()
#74 0x0000000000000000 in ?? ()
#75 0x0000000000000000 in ?? ()
#76 0x0000000000000000 in ?? ()
#77 0x0000000000000000 in ?? ()
#78 0x00000000005f12f0 in PyVectorcall_Call ()
#79 0x0000000000566b00 in _PyEval_EvalFrameDefault ()
#80 0x00000000005f1820 in _PyFunction_Vectorcall ()
#81 0x0000000000566b00 in _PyEval_EvalFrameDefault ()
#82 0x00000000005f1820 in _PyFunction_Vectorcall ()
#83 0x0000000000566b00 in _PyEval_EvalFrameDefault ()
#84 0x00000000005f1820 in _PyFunction_Vectorcall ()
#85 0x0000000000566b00 in _PyEval_EvalFrameDefault ()
#86 0x00000000005f1820 in _PyFunction_Vectorcall ()
#87 0x0000000000566b00 in _PyEval_EvalFrameDefault ()
#88 0x00000000005f1820 in _PyFunction_Vectorcall ()
#89 0x0000000000566b00 in _PyEval_EvalFrameDefault ()
#90 0x0000000000565270 in _PyEval_EvalCodeWithName ()
#91 0x0000000000000000 in ?? ()
#92 0x0000000000566b00 in _PyEval_EvalFrameDefault ()
#93 0x0000000000565270 in _PyEval_EvalCodeWithName ()
#94 0x0000000000686d30 in PyEval_EvalCode ()
#95 0x0000000000000000 in ?? ()
#96 0x0000000000000000 in ?? ()
#97 0x0000000000566b00 in _PyEval_EvalFrameDefault ()
#98 0x0000000000565270 in _PyEval_EvalCodeWithName ()
#99 0x00000000005f1820 in _PyFunction_Vectorcall ()
#100 0x0000000000566b00 in _PyEval_EvalFrameDefault ()
#101 0x0000000000565270 in _PyEval_EvalCodeWithName ()
#102 0x00000000005f1820 in _PyFunction_Vectorcall ()
#103 0x00000000005f0de0 in PyObject_Call ()
#104 0x0000000000000000 in ?? ()
#105 0x00000000006af3c0 in Py_RunMain ()
#106 0x00000000006af930 in Py_BytesMain ()
#107 0x00007fd7182b7fc0 in __libc_start_main () at /build/glibc-YYA7BZ/glibc-2.31/csu/../csu/libc-start.c:308
#108 0x00000000005f6990 in _start ()

[Inferior 1 (process 766) detached]
320	../sysdeps/nptl/futex-internal.h: No such file or directory.
